autoscan: warning: missing AC_CHECK_FUNCS([memmove]) wanted by: 
	src/third-party/gumbo-parser/vector.c:100
	src/third-party/gumbo-parser/vector.c:119
autoscan: warning: missing AC_CHECK_FUNCS([memset]) wanted by: 
	src/third-party/gumbo-parser/error.c:245
autoscan: warning: missing AC_CHECK_FUNCS([strcasecmp]) wanted by: 
	src/third-party/gumbo-parser/parser.c:413
	src/third-party/gumbo-parser/parser.c:548
	src/third-party/gumbo-parser/attribute.c:32
autoscan: warning: missing AC_CHECK_FUNCS([strncasecmp]) wanted by: 
	src/third-party/gumbo-parser/string_piece.c:39
	src/third-party/gumbo-parser/utf8.c:242
autoscan: warning: missing AC_CHECK_HEADERS([stddef.h]) wanted by: 
	src/third-party/gumbo-parser/string_buffer.h:21
	src/third-party/gumbo-parser/gumbo.h:51
	src/third-party/gumbo-parser/util.h:26
	src/third-party/gumbo-parser/char_ref.c:31
	src/third-party/gumbo-parser/tokenizer.h:24
	src/third-party/gumbo-parser/utf8.h:36
autoscan: warning: missing AC_CHECK_HEADER_STDBOOL wanted by: 
	src/third-party/gumbo-parser/string_piece.c:30
	src/third-party/gumbo-parser/string_piece.c:36
	src/third-party/gumbo-parser/gumbo.h:103
	src/third-party/gumbo-parser/gumbo.h:110
	src/third-party/gumbo-parser/gumbo.h:430
	src/third-party/gumbo-parser/gumbo.h:586
	src/third-party/gumbo-parser/parser.c:52
	src/third-party/gumbo-parser/parser.c:55
	src/third-party/gumbo-parser/parser.c:314
	src/third-party/gumbo-parser/parser.c:315
	src/third-party/gumbo-parser/parser.c:366
	src/third-party/gumbo-parser/parser.c:369
	src/third-party/gumbo-parser/parser.c:372
	src/third-party/gumbo-parser/parser.c:375
	src/third-party/gumbo-parser/parser.c:385
	src/third-party/gumbo-parser/parser.c:399
	src/third-party/gumbo-parser/parser.c:400
	src/third-party/gumbo-parser/parser.c:403
	src/third-party/gumbo-parser/parser.c:410
	src/third-party/gumbo-parser/parser.c:418
	src/third-party/gumbo-parser/parser.c:425
	src/third-party/gumbo-parser/parser.c:514
	src/third-party/gumbo-parser/parser.c:544
	src/third-party/gumbo-parser/parser.c:545
	src/third-party/gumbo-parser/parser.c:568
	src/third-party/gumbo-parser/parser.c:681
	src/third-party/gumbo-parser/parser.c:682
	src/third-party/gumbo-parser/parser.c:695
	src/third-party/gumbo-parser/parser.c:695
	src/third-party/gumbo-parser/parser.c:706
	src/third-party/gumbo-parser/parser.c:716
	src/third-party/gumbo-parser/parser.c:725
	src/third-party/gumbo-parser/parser.c:753
	src/third-party/gumbo-parser/parser.c:760
	src/third-party/gumbo-parser/parser.c:944
	src/third-party/gumbo-parser/parser.c:1048
	src/third-party/gumbo-parser/parser.c:1151
	src/third-party/gumbo-parser/parser.c:1218
	src/third-party/gumbo-parser/parser.c:1362
	src/third-party/gumbo-parser/parser.c:1363
	src/third-party/gumbo-parser/parser.c:1378
	src/third-party/gumbo-parser/parser.c:1385
	src/third-party/gumbo-parser/parser.c:1391
	src/third-party/gumbo-parser/parser.c:1406
	src/third-party/gumbo-parser/parser.c:1432
	src/third-party/gumbo-parser/parser.c:1443
	src/third-party/gumbo-parser/parser.c:1453
	src/third-party/gumbo-parser/parser.c:1463
	src/third-party/gumbo-parser/parser.c:1469
	src/third-party/gumbo-parser/parser.c:1502
	src/third-party/gumbo-parser/parser.c:1517
	src/third-party/gumbo-parser/parser.c:1519
	src/third-party/gumbo-parser/parser.c:1537
	src/third-party/gumbo-parser/parser.c:1561
	src/third-party/gumbo-parser/parser.c:1591
	src/third-party/gumbo-parser/parser.c:1593
	src/third-party/gumbo-parser/parser.c:1612
	src/third-party/gumbo-parser/parser.c:1624
	src/third-party/gumbo-parser/parser.c:1629
	src/third-party/gumbo-parser/parser.c:1738
	src/third-party/gumbo-parser/parser.c:1740
	src/third-party/gumbo-parser/parser.c:1746
	src/third-party/gumbo-parser/parser.c:1749
	src/third-party/gumbo-parser/parser.c:1792
	src/third-party/gumbo-parser/parser.c:2071
	src/third-party/gumbo-parser/parser.c:2096
	src/third-party/gumbo-parser/parser.c:2130
	src/third-party/gumbo-parser/parser.c:2163
	src/third-party/gumbo-parser/parser.c:2164
	src/third-party/gumbo-parser/parser.c:2167
	src/third-party/gumbo-parser/parser.c:2236
	src/third-party/gumbo-parser/parser.c:2262
	src/third-party/gumbo-parser/parser.c:2299
	src/third-party/gumbo-parser/parser.c:2332
	src/third-party/gumbo-parser/parser.c:2386
	src/third-party/gumbo-parser/parser.c:2496
	src/third-party/gumbo-parser/parser.c:2524
	src/third-party/gumbo-parser/parser.c:2529
	src/third-party/gumbo-parser/parser.c:2540
	src/third-party/gumbo-parser/parser.c:2553
	src/third-party/gumbo-parser/parser.c:2561
	src/third-party/gumbo-parser/parser.c:2566
	src/third-party/gumbo-parser/parser.c:2570
	src/third-party/gumbo-parser/parser.c:2609
	src/third-party/gumbo-parser/parser.c:2619
	src/third-party/gumbo-parser/parser.c:2684
	src/third-party/gumbo-parser/parser.c:2700
	src/third-party/gumbo-parser/parser.c:2729
	src/third-party/gumbo-parser/parser.c:2775
	src/third-party/gumbo-parser/parser.c:2811
	src/third-party/gumbo-parser/parser.c:2918
	src/third-party/gumbo-parser/parser.c:2955
	src/third-party/gumbo-parser/parser.c:3043
	src/third-party/gumbo-parser/parser.c:3066
	src/third-party/gumbo-parser/parser.c:3164
	src/third-party/gumbo-parser/parser.c:3171
	src/third-party/gumbo-parser/parser.c:3205
	src/third-party/gumbo-parser/parser.c:3213
	src/third-party/gumbo-parser/parser.c:3252
	src/third-party/gumbo-parser/parser.c:3302
	src/third-party/gumbo-parser/parser.c:3354
	src/third-party/gumbo-parser/parser.c:3413
	src/third-party/gumbo-parser/parser.c:3456
	src/third-party/gumbo-parser/parser.c:3552
	src/third-party/gumbo-parser/parser.c:3581
	src/third-party/gumbo-parser/parser.c:3650
	src/third-party/gumbo-parser/parser.c:3687
	src/third-party/gumbo-parser/parser.c:3736
	src/third-party/gumbo-parser/parser.c:3768
	src/third-party/gumbo-parser/parser.c:3787
	src/third-party/gumbo-parser/parser.c:3819
	src/third-party/gumbo-parser/parser.c:3825
	src/third-party/gumbo-parser/parser.c:3917
	src/third-party/gumbo-parser/parser.c:3958
	src/third-party/gumbo-parser/parser.c:4096
	src/third-party/gumbo-parser/char_ref.c:65
	src/third-party/gumbo-parser/char_ref.c:119
	src/third-party/gumbo-parser/char_ref.c:122
	src/third-party/gumbo-parser/char_ref.c:140
	src/third-party/gumbo-parser/char_ref.c:180
	src/third-party/gumbo-parser/char_ref.c:13940
	src/third-party/gumbo-parser/char_ref.c:13941
	src/third-party/gumbo-parser/char_ref.c:23014
	src/third-party/gumbo-parser/char_ref.c:23028
	src/third-party/gumbo-parser/char_ref.c:23035
	src/third-party/gumbo-parser/char_ref.c:23041
	src/third-party/gumbo-parser/char_ref.c:23043
	src/third-party/gumbo-parser/tokenizer.h:41
	src/third-party/gumbo-parser/tokenizer.h:44
	src/third-party/gumbo-parser/tokenizer.h:45
	src/third-party/gumbo-parser/tokenizer.h:46
	src/third-party/gumbo-parser/tokenizer.h:53
	src/third-party/gumbo-parser/tokenizer.h:92
	src/third-party/gumbo-parser/tokenizer.h:107
	src/third-party/gumbo-parser/char_ref.h:52
	src/third-party/gumbo-parser/char_ref.h:54
	src/third-party/gumbo-parser/utf8.c:198
	src/third-party/gumbo-parser/utf8.c:238
	src/third-party/gumbo-parser/utf8.c:239
	src/third-party/gumbo-parser/utf8.c:240
	src/third-party/gumbo-parser/tokenizer.c:101
	src/third-party/gumbo-parser/tokenizer.c:115
	src/third-party/gumbo-parser/tokenizer.c:118
	src/third-party/gumbo-parser/tokenizer.c:131
	src/third-party/gumbo-parser/tokenizer.c:136
	src/third-party/gumbo-parser/tokenizer.c:140
	src/third-party/gumbo-parser/tokenizer.c:311
	src/third-party/gumbo-parser/tokenizer.c:322
	src/third-party/gumbo-parser/tokenizer.c:375
	src/third-party/gumbo-parser/tokenizer.c:506
	src/third-party/gumbo-parser/tokenizer.c:585
	src/third-party/gumbo-parser/tokenizer.c:588
	src/third-party/gumbo-parser/tokenizer.c:617
	src/third-party/gumbo-parser/tokenizer.c:636
	src/third-party/gumbo-parser/tokenizer.c:649
	src/third-party/gumbo-parser/tokenizer.c:663
	src/third-party/gumbo-parser/tokenizer.c:684
	src/third-party/gumbo-parser/tokenizer.c:781
	src/third-party/gumbo-parser/tokenizer.c:837
	src/third-party/gumbo-parser/tokenizer.c:884
	src/third-party/gumbo-parser/tokenizer.c:1875
	src/third-party/gumbo-parser/tokenizer.c:2812
	src/third-party/gumbo-parser/tokenizer.c:2854
	src/third-party/gumbo-parser/utf8.h:80
	src/third-party/gumbo-parser/utf8.h:112
	src/third-party/gumbo-parser/utf8.h:113
	src/third-party/gumbo-parser/parser.c:63
	src/third-party/gumbo-parser/parser.c:312
	src/third-party/gumbo-parser/parser.c:315
	src/third-party/gumbo-parser/parser.c:413
	src/third-party/gumbo-parser/parser.c:421
	src/third-party/gumbo-parser/parser.c:433
	src/third-party/gumbo-parser/parser.c:441
	src/third-party/gumbo-parser/parser.c:461
	src/third-party/gumbo-parser/parser.c:480
	src/third-party/gumbo-parser/parser.c:482
	src/third-party/gumbo-parser/parser.c:483
	src/third-party/gumbo-parser/parser.c:493
	src/third-party/gumbo-parser/parser.c:494
	src/third-party/gumbo-parser/parser.c:552
	src/third-party/gumbo-parser/parser.c:689
	src/third-party/gumbo-parser/parser.c:701
	src/third-party/gumbo-parser/parser.c:709
	src/third-party/gumbo-parser/parser.c:1074
	src/third-party/gumbo-parser/parser.c:1087
	src/third-party/gumbo-parser/parser.c:1099
	src/third-party/gumbo-parser/parser.c:1156
	src/third-party/gumbo-parser/parser.c:1163
	src/third-party/gumbo-parser/parser.c:1225
	src/third-party/gumbo-parser/parser.c:1332
	src/third-party/gumbo-parser/parser.c:1338
	src/third-party/gumbo-parser/parser.c:1342
	src/third-party/gumbo-parser/parser.c:1344
	src/third-party/gumbo-parser/parser.c:1379
	src/third-party/gumbo-parser/parser.c:1381
	src/third-party/gumbo-parser/parser.c:1387
	src/third-party/gumbo-parser/parser.c:1392
	src/third-party/gumbo-parser/parser.c:1423
	src/third-party/gumbo-parser/parser.c:1426
	src/third-party/gumbo-parser/parser.c:1427
	src/third-party/gumbo-parser/parser.c:1434
	src/third-party/gumbo-parser/parser.c:1444
	src/third-party/gumbo-parser/parser.c:1454
	src/third-party/gumbo-parser/parser.c:1464
	src/third-party/gumbo-parser/parser.c:1500
	src/third-party/gumbo-parser/parser.c:1504
	src/third-party/gumbo-parser/parser.c:1524
	src/third-party/gumbo-parser/parser.c:1590
	src/third-party/gumbo-parser/parser.c:1601
	src/third-party/gumbo-parser/parser.c:1609
	src/third-party/gumbo-parser/parser.c:1622
	src/third-party/gumbo-parser/parser.c:1626
	src/third-party/gumbo-parser/parser.c:1759
	src/third-party/gumbo-parser/parser.c:1761
	src/third-party/gumbo-parser/parser.c:1763
	src/third-party/gumbo-parser/parser.c:1803
	src/third-party/gumbo-parser/parser.c:1815
	src/third-party/gumbo-parser/parser.c:1833
	src/third-party/gumbo-parser/parser.c:1842
	src/third-party/gumbo-parser/parser.c:1849
	src/third-party/gumbo-parser/parser.c:1881
	src/third-party/gumbo-parser/parser.c:2100
	src/third-party/gumbo-parser/parser.c:2113
	src/third-party/gumbo-parser/parser.c:2117
	src/third-party/gumbo-parser/parser.c:2134
	src/third-party/gumbo-parser/parser.c:2147
	src/third-party/gumbo-parser/parser.c:2151
	src/third-party/gumbo-parser/parser.c:2174
	src/third-party/gumbo-parser/parser.c:2225
	src/third-party/gumbo-parser/parser.c:2233
	src/third-party/gumbo-parser/parser.c:2239
	src/third-party/gumbo-parser/parser.c:2251
	src/third-party/gumbo-parser/parser.c:2265
	src/third-party/gumbo-parser/parser.c:2286
	src/third-party/gumbo-parser/parser.c:2294
	src/third-party/gumbo-parser/parser.c:2307
	src/third-party/gumbo-parser/parser.c:2315
	src/third-party/gumbo-parser/parser.c:2343
	src/third-party/gumbo-parser/parser.c:2392
	src/third-party/gumbo-parser/parser.c:2409
	src/third-party/gumbo-parser/parser.c:2414
	src/third-party/gumbo-parser/parser.c:2419
	src/third-party/gumbo-parser/parser.c:2432
	src/third-party/gumbo-parser/parser.c:2434
	src/third-party/gumbo-parser/parser.c:2436
	src/third-party/gumbo-parser/parser.c:2443
	src/third-party/gumbo-parser/parser.c:2494
	src/third-party/gumbo-parser/parser.c:2504
	src/third-party/gumbo-parser/parser.c:2535
	src/third-party/gumbo-parser/parser.c:2543
	src/third-party/gumbo-parser/parser.c:2551
	src/third-party/gumbo-parser/parser.c:2565
	src/third-party/gumbo-parser/parser.c:2580
	src/third-party/gumbo-parser/parser.c:2584
	src/third-party/gumbo-parser/parser.c:2597
	src/third-party/gumbo-parser/parser.c:2607
	src/third-party/gumbo-parser/parser.c:2613
	src/third-party/gumbo-parser/parser.c:2627
	src/third-party/gumbo-parser/parser.c:2634
	src/third-party/gumbo-parser/parser.c:2650
	src/third-party/gumbo-parser/parser.c:2658
	src/third-party/gumbo-parser/parser.c:2668
	src/third-party/gumbo-parser/parser.c:2680
	src/third-party/gumbo-parser/parser.c:2716
	src/third-party/gumbo-parser/parser.c:2732
	src/third-party/gumbo-parser/parser.c:2758
	src/third-party/gumbo-parser/parser.c:2777
	src/third-party/gumbo-parser/parser.c:2784
	src/third-party/gumbo-parser/parser.c:2822
	src/third-party/gumbo-parser/parser.c:2911
	src/third-party/gumbo-parser/parser.c:2967
	src/third-party/gumbo-parser/parser.c:2977
	src/third-party/gumbo-parser/parser.c:3004
	src/third-party/gumbo-parser/parser.c:3033
	src/third-party/gumbo-parser/parser.c:3038
	src/third-party/gumbo-parser/parser.c:3083
	src/third-party/gumbo-parser/parser.c:3125
	src/third-party/gumbo-parser/parser.c:3129
	src/third-party/gumbo-parser/parser.c:3138
	src/third-party/gumbo-parser/parser.c:3149
	src/third-party/gumbo-parser/parser.c:3154
	src/third-party/gumbo-parser/parser.c:3158
	src/third-party/gumbo-parser/parser.c:3165
	src/third-party/gumbo-parser/parser.c:3175
	src/third-party/gumbo-parser/parser.c:3197
	src/third-party/gumbo-parser/parser.c:3210
	src/third-party/gumbo-parser/parser.c:3231
	src/third-party/gumbo-parser/parser.c:3245
	src/third-party/gumbo-parser/parser.c:3259
	src/third-party/gumbo-parser/parser.c:3274
	src/third-party/gumbo-parser/parser.c:3278
	src/third-party/gumbo-parser/parser.c:3282
	src/third-party/gumbo-parser/parser.c:3292
	src/third-party/gumbo-parser/parser.c:3314
	src/third-party/gumbo-parser/parser.c:3320
	src/third-party/gumbo-parser/parser.c:3335
	src/third-party/gumbo-parser/parser.c:3347
	src/third-party/gumbo-parser/parser.c:3365
	src/third-party/gumbo-parser/parser.c:3379
	src/third-party/gumbo-parser/parser.c:3393
	src/third-party/gumbo-parser/parser.c:3406
	src/third-party/gumbo-parser/parser.c:3419
	src/third-party/gumbo-parser/parser.c:3432
	src/third-party/gumbo-parser/parser.c:3440
	src/third-party/gumbo-parser/parser.c:3446
	src/third-party/gumbo-parser/parser.c:3460
	src/third-party/gumbo-parser/parser.c:3468
	src/third-party/gumbo-parser/parser.c:3502
	src/third-party/gumbo-parser/parser.c:3511
	src/third-party/gumbo-parser/parser.c:3517
	src/third-party/gumbo-parser/parser.c:3527
	src/third-party/gumbo-parser/parser.c:3537
	src/third-party/gumbo-parser/parser.c:3547
	src/third-party/gumbo-parser/parser.c:3559
	src/third-party/gumbo-parser/parser.c:3566
	src/third-party/gumbo-parser/parser.c:3573
	src/third-party/gumbo-parser/parser.c:3629
	src/third-party/gumbo-parser/parser.c:3642
	src/third-party/gumbo-parser/parser.c:3645
	src/third-party/gumbo-parser/parser.c:3662
	src/third-party/gumbo-parser/parser.c:3668
	src/third-party/gumbo-parser/parser.c:3682
	src/third-party/gumbo-parser/parser.c:3697
	src/third-party/gumbo-parser/parser.c:3707
	src/third-party/gumbo-parser/parser.c:3725
	src/third-party/gumbo-parser/parser.c:3731
	src/third-party/gumbo-parser/parser.c:3746
	src/third-party/gumbo-parser/parser.c:3763
	src/third-party/gumbo-parser/parser.c:3782
	src/third-party/gumbo-parser/parser.c:3803
	src/third-party/gumbo-parser/parser.c:3832
	src/third-party/gumbo-parser/parser.c:3847
	src/third-party/gumbo-parser/parser.c:3882
	src/third-party/gumbo-parser/parser.c:3920
	src/third-party/gumbo-parser/parser.c:3961
	src/third-party/gumbo-parser/parser.c:3969
	src/third-party/gumbo-parser/parser.c:4096
	src/third-party/gumbo-parser/parser.c:4100
	src/third-party/gumbo-parser/char_ref.c:122
	src/third-party/gumbo-parser/char_ref.c:136
	src/third-party/gumbo-parser/char_ref.c:150
	src/third-party/gumbo-parser/char_ref.c:160
	src/third-party/gumbo-parser/char_ref.c:167
	src/third-party/gumbo-parser/char_ref.c:173
	src/third-party/gumbo-parser/char_ref.c:197
	src/third-party/gumbo-parser/char_ref.c:23030
	src/third-party/gumbo-parser/tokenizer.h:96
	src/third-party/gumbo-parser/char_ref.h:51
	src/third-party/gumbo-parser/utf8.c:249
	src/third-party/gumbo-parser/tokenizer.c:21
	src/third-party/gumbo-parser/tokenizer.c:113
	src/third-party/gumbo-parser/tokenizer.c:397
	src/third-party/gumbo-parser/tokenizer.c:398
	src/third-party/gumbo-parser/tokenizer.c:399
	src/third-party/gumbo-parser/tokenizer.c:589
	src/third-party/gumbo-parser/tokenizer.c:615
	src/third-party/gumbo-parser/tokenizer.c:625
	src/third-party/gumbo-parser/tokenizer.c:637
	src/third-party/gumbo-parser/tokenizer.c:647
	src/third-party/gumbo-parser/tokenizer.c:701
	src/third-party/gumbo-parser/tokenizer.c:703
	src/third-party/gumbo-parser/tokenizer.c:780
	src/third-party/gumbo-parser/tokenizer.c:785
	src/third-party/gumbo-parser/tokenizer.c:798
	src/third-party/gumbo-parser/tokenizer.c:822
	src/third-party/gumbo-parser/tokenizer.c:851
	src/third-party/gumbo-parser/tokenizer.c:852
	src/third-party/gumbo-parser/tokenizer.c:853
	src/third-party/gumbo-parser/tokenizer.c:921
	src/third-party/gumbo-parser/tokenizer.c:950
	src/third-party/gumbo-parser/tokenizer.c:1051
	src/third-party/gumbo-parser/tokenizer.c:1117
	src/third-party/gumbo-parser/tokenizer.c:1180
	src/third-party/gumbo-parser/tokenizer.c:1249
	src/third-party/gumbo-parser/tokenizer.c:1417
	src/third-party/gumbo-parser/tokenizer.c:1785
	src/third-party/gumbo-parser/tokenizer.c:1794
	src/third-party/gumbo-parser/tokenizer.c:1813
	src/third-party/gumbo-parser/tokenizer.c:1822
	src/third-party/gumbo-parser/tokenizer.c:1875
	src/third-party/gumbo-parser/tokenizer.c:1987
	src/third-party/gumbo-parser/tokenizer.c:2252
	src/third-party/gumbo-parser/tokenizer.c:2290
	src/third-party/gumbo-parser/tokenizer.c:2317
	src/third-party/gumbo-parser/tokenizer.c:2322
	src/third-party/gumbo-parser/tokenizer.c:2760
	src/third-party/gumbo-parser/tokenizer.c:2833
	src/third-party/gumbo-parser/tokenizer.c:2835
	src/third-party/gumbo-parser/tokenizer.c:2855
	src/third-party/gumbo-parser/tokenizer.c:2860
	src/third-party/gumbo-parser/utf8.h:107
	src/third-party/gumbo-parser/utf8.h:109
	src/third-party/gumbo-parser/parser.c:312
	src/third-party/gumbo-parser/parser.c:314
	src/third-party/gumbo-parser/parser.c:481
	src/third-party/gumbo-parser/parser.c:539
	src/third-party/gumbo-parser/parser.c:540
	src/third-party/gumbo-parser/parser.c:549
	src/third-party/gumbo-parser/parser.c:677
	src/third-party/gumbo-parser/parser.c:1146
	src/third-party/gumbo-parser/parser.c:1149
	src/third-party/gumbo-parser/parser.c:1160
	src/third-party/gumbo-parser/parser.c:1222
	src/third-party/gumbo-parser/parser.c:1334
	src/third-party/gumbo-parser/parser.c:1336
	src/third-party/gumbo-parser/parser.c:1375
	src/third-party/gumbo-parser/parser.c:1411
	src/third-party/gumbo-parser/parser.c:1471
	src/third-party/gumbo-parser/parser.c:1499
	src/third-party/gumbo-parser/parser.c:1512
	src/third-party/gumbo-parser/parser.c:1519
	src/third-party/gumbo-parser/parser.c:1590
	src/third-party/gumbo-parser/parser.c:1593
	src/third-party/gumbo-parser/parser.c:1618
	src/third-party/gumbo-parser/parser.c:1622
	src/third-party/gumbo-parser/parser.c:1755
	src/third-party/gumbo-parser/parser.c:1757
	src/third-party/gumbo-parser/parser.c:1765
	src/third-party/gumbo-parser/parser.c:2034
	src/third-party/gumbo-parser/parser.c:2075
	src/third-party/gumbo-parser/parser.c:2078
	src/third-party/gumbo-parser/parser.c:2080
	src/third-party/gumbo-parser/parser.c:2091
	src/third-party/gumbo-parser/parser.c:2092
	src/third-party/gumbo-parser/parser.c:2103
	src/third-party/gumbo-parser/parser.c:2106
	src/third-party/gumbo-parser/parser.c:2111
	src/third-party/gumbo-parser/parser.c:2124
	src/third-party/gumbo-parser/parser.c:2125
	src/third-party/gumbo-parser/parser.c:2137
	src/third-party/gumbo-parser/parser.c:2140
	src/third-party/gumbo-parser/parser.c:2145
	src/third-party/gumbo-parser/parser.c:2157
	src/third-party/gumbo-parser/parser.c:2158
	src/third-party/gumbo-parser/parser.c:2170
	src/third-party/gumbo-parser/parser.c:2177
	src/third-party/gumbo-parser/parser.c:2186
	src/third-party/gumbo-parser/parser.c:2195
	src/third-party/gumbo-parser/parser.c:2198
	src/third-party/gumbo-parser/parser.c:2202
	src/third-party/gumbo-parser/parser.c:2206
	src/third-party/gumbo-parser/parser.c:2209
	src/third-party/gumbo-parser/parser.c:2215
	src/third-party/gumbo-parser/parser.c:2220
	src/third-party/gumbo-parser/parser.c:2221
	src/third-party/gumbo-parser/parser.c:2228
	src/third-party/gumbo-parser/parser.c:2236
	src/third-party/gumbo-parser/parser.c:2255
	src/third-party/gumbo-parser/parser.c:2256
	src/third-party/gumbo-parser/parser.c:2258
	src/third-party/gumbo-parser/parser.c:2273
	src/third-party/gumbo-parser/parser.c:2293
	src/third-party/gumbo-parser/parser.c:2303
	src/third-party/gumbo-parser/parser.c:2310
	src/third-party/gumbo-parser/parser.c:2317
	src/third-party/gumbo-parser/parser.c:2321
	src/third-party/gumbo-parser/parser.c:2347
	src/third-party/gumbo-parser/parser.c:2348
	src/third-party/gumbo-parser/parser.c:2396
	src/third-party/gumbo-parser/parser.c:2402
	src/third-party/gumbo-parser/parser.c:2405
	src/third-party/gumbo-parser/parser.c:2475
	src/third-party/gumbo-parser/parser.c:2489
	src/third-party/gumbo-parser/parser.c:2496
	src/third-party/gumbo-parser/parser.c:2510
	src/third-party/gumbo-parser/parser.c:2542
	src/third-party/gumbo-parser/parser.c:2560
	src/third-party/gumbo-parser/parser.c:2579
	src/third-party/gumbo-parser/parser.c:2585
	src/third-party/gumbo-parser/parser.c:2601
	src/third-party/gumbo-parser/parser.c:2609
	src/third-party/gumbo-parser/parser.c:2619
	src/third-party/gumbo-parser/parser.c:2649
	src/third-party/gumbo-parser/parser.c:2700
	src/third-party/gumbo-parser/parser.c:2727
	src/third-party/gumbo-parser/parser.c:2729
	src/third-party/gumbo-parser/parser.c:2751
	src/third-party/gumbo-parser/parser.c:2762
	src/third-party/gumbo-parser/parser.c:2771
	src/third-party/gumbo-parser/parser.c:2775
	src/third-party/gumbo-parser/parser.c:2803
	src/third-party/gumbo-parser/parser.c:2809
	src/third-party/gumbo-parser/parser.c:2914
	src/third-party/gumbo-parser/parser.c:2916
	src/third-party/gumbo-parser/parser.c:2926
	src/third-party/gumbo-parser/parser.c:2929
	src/third-party/gumbo-parser/parser.c:2944
	src/third-party/gumbo-parser/parser.c:2952
	src/third-party/gumbo-parser/parser.c:2955
	src/third-party/gumbo-parser/parser.c:2987
	src/third-party/gumbo-parser/parser.c:2997
	src/third-party/gumbo-parser/parser.c:3008
	src/third-party/gumbo-parser/parser.c:3029
	src/third-party/gumbo-parser/parser.c:3057
	src/third-party/gumbo-parser/parser.c:3062
	src/third-party/gumbo-parser/parser.c:3077
	src/third-party/gumbo-parser/parser.c:3079
	src/third-party/gumbo-parser/parser.c:3086
	src/third-party/gumbo-parser/parser.c:3092
	src/third-party/gumbo-parser/parser.c:3097
	src/third-party/gumbo-parser/parser.c:3102
	src/third-party/gumbo-parser/parser.c:3104
	src/third-party/gumbo-parser/parser.c:3113
	src/third-party/gumbo-parser/parser.c:3117
	src/third-party/gumbo-parser/parser.c:3121
	src/third-party/gumbo-parser/parser.c:3131
	src/third-party/gumbo-parser/parser.c:3163
	src/third-party/gumbo-parser/parser.c:3179
	src/third-party/gumbo-parser/parser.c:3191
	src/third-party/gumbo-parser/parser.c:3198
	src/third-party/gumbo-parser/parser.c:3200
	src/third-party/gumbo-parser/parser.c:3213
	src/third-party/gumbo-parser/parser.c:3237
	src/third-party/gumbo-parser/parser.c:3238
	src/third-party/gumbo-parser/parser.c:3255
	src/third-party/gumbo-parser/parser.c:3262
	src/third-party/gumbo-parser/parser.c:3269
	src/third-party/gumbo-parser/parser.c:3296
	src/third-party/gumbo-parser/parser.c:3297
	src/third-party/gumbo-parser/parser.c:3307
	src/third-party/gumbo-parser/parser.c:3312
	src/third-party/gumbo-parser/parser.c:3325
	src/third-party/gumbo-parser/parser.c:3340
	src/third-party/gumbo-parser/parser.c:3341
	src/third-party/gumbo-parser/parser.c:3360
	src/third-party/gumbo-parser/parser.c:3370
	src/third-party/gumbo-parser/parser.c:3384
	src/third-party/gumbo-parser/parser.c:3385
	src/third-party/gumbo-parser/parser.c:3398
	src/third-party/gumbo-parser/parser.c:3399
	src/third-party/gumbo-parser/parser.c:3434
	src/third-party/gumbo-parser/parser.c:3448
	src/third-party/gumbo-parser/parser.c:3464
	src/third-party/gumbo-parser/parser.c:3471
	src/third-party/gumbo-parser/parser.c:3479
	src/third-party/gumbo-parser/parser.c:3488
	src/third-party/gumbo-parser/parser.c:3498
	src/third-party/gumbo-parser/parser.c:3507
	src/third-party/gumbo-parser/parser.c:3520
	src/third-party/gumbo-parser/parser.c:3535
	src/third-party/gumbo-parser/parser.c:3558
	src/third-party/gumbo-parser/parser.c:3572
	src/third-party/gumbo-parser/parser.c:3600
	src/third-party/gumbo-parser/parser.c:3601
	src/third-party/gumbo-parser/parser.c:3606
	src/third-party/gumbo-parser/parser.c:3607
	src/third-party/gumbo-parser/parser.c:3612
	src/third-party/gumbo-parser/parser.c:3613
	src/third-party/gumbo-parser/parser.c:3618
	src/third-party/gumbo-parser/parser.c:3619
	src/third-party/gumbo-parser/parser.c:3624
	src/third-party/gumbo-parser/parser.c:3625
	src/third-party/gumbo-parser/parser.c:3633
	src/third-party/gumbo-parser/parser.c:3641
	src/third-party/gumbo-parser/parser.c:3658
	src/third-party/gumbo-parser/parser.c:3675
	src/third-party/gumbo-parser/parser.c:3677
	src/third-party/gumbo-parser/parser.c:3681
	src/third-party/gumbo-parser/parser.c:3690
	src/third-party/gumbo-parser/parser.c:3693
	src/third-party/gumbo-parser/parser.c:3702
	src/third-party/gumbo-parser/parser.c:3714
	src/third-party/gumbo-parser/parser.c:3719
	src/third-party/gumbo-parser/parser.c:3727
	src/third-party/gumbo-parser/parser.c:3739
	src/third-party/gumbo-parser/parser.c:3742
	src/third-party/gumbo-parser/parser.c:3755
	src/third-party/gumbo-parser/parser.c:3759
	src/third-party/gumbo-parser/parser.c:3771
	src/third-party/gumbo-parser/parser.c:3777
	src/third-party/gumbo-parser/parser.c:3781
	src/third-party/gumbo-parser/parser.c:3791
	src/third-party/gumbo-parser/parser.c:3797
	src/third-party/gumbo-parser/parser.c:3835
	src/third-party/gumbo-parser/parser.c:3840
	src/third-party/gumbo-parser/parser.c:3843
	src/third-party/gumbo-parser/parser.c:3881
	src/third-party/gumbo-parser/parser.c:3905
	src/third-party/gumbo-parser/parser.c:3917
	src/third-party/gumbo-parser/parser.c:3963
	src/third-party/gumbo-parser/parser.c:3972
	src/third-party/gumbo-parser/parser.c:3975
	src/third-party/gumbo-parser/char_ref.c:125
	src/third-party/gumbo-parser/char_ref.c:140
	src/third-party/gumbo-parser/char_ref.c:199
	src/third-party/gumbo-parser/char_ref.c:23014
	src/third-party/gumbo-parser/char_ref.c:23016
	src/third-party/gumbo-parser/char_ref.c:23021
	src/third-party/gumbo-parser/char_ref.c:23028
	src/third-party/gumbo-parser/char_ref.c:23052
	src/third-party/gumbo-parser/char_ref.c:23063
	src/third-party/gumbo-parser/tokenizer.h:95
	src/third-party/gumbo-parser/char_ref.h:51
	src/third-party/gumbo-parser/utf8.c:152
	src/third-party/gumbo-parser/utf8.c:196
	src/third-party/gumbo-parser/utf8.c:247
	src/third-party/gumbo-parser/tokenizer.c:20
	src/third-party/gumbo-parser/tokenizer.c:98
	src/third-party/gumbo-parser/tokenizer.c:113
	src/third-party/gumbo-parser/tokenizer.c:117
	src/third-party/gumbo-parser/tokenizer.c:462
	src/third-party/gumbo-parser/tokenizer.c:468
	src/third-party/gumbo-parser/tokenizer.c:472
	src/third-party/gumbo-parser/tokenizer.c:478
	src/third-party/gumbo-parser/tokenizer.c:593
	src/third-party/gumbo-parser/tokenizer.c:614
	src/third-party/gumbo-parser/tokenizer.c:641
	src/third-party/gumbo-parser/tokenizer.c:647
	src/third-party/gumbo-parser/tokenizer.c:659
	src/third-party/gumbo-parser/tokenizer.c:780
	src/third-party/gumbo-parser/tokenizer.c:797
	src/third-party/gumbo-parser/tokenizer.c:812
	src/third-party/gumbo-parser/tokenizer.c:836
	src/third-party/gumbo-parser/tokenizer.c:901
	src/third-party/gumbo-parser/tokenizer.c:930
	src/third-party/gumbo-parser/tokenizer.c:1024
	src/third-party/gumbo-parser/tokenizer.c:1083
	src/third-party/gumbo-parser/tokenizer.c:1091
	src/third-party/gumbo-parser/tokenizer.c:1106
	src/third-party/gumbo-parser/tokenizer.c:1124
	src/third-party/gumbo-parser/tokenizer.c:1132
	src/third-party/gumbo-parser/tokenizer.c:1169
	src/third-party/gumbo-parser/tokenizer.c:1196
	src/third-party/gumbo-parser/tokenizer.c:1238
	src/third-party/gumbo-parser/tokenizer.c:1263
	src/third-party/gumbo-parser/tokenizer.c:1298
	src/third-party/gumbo-parser/tokenizer.c:1311
	src/third-party/gumbo-parser/tokenizer.c:1431
	src/third-party/gumbo-parser/tokenizer.c:1481
	src/third-party/gumbo-parser/tokenizer.c:1567
	src/third-party/gumbo-parser/tokenizer.c:1595
	src/third-party/gumbo-parser/tokenizer.c:1634
	src/third-party/gumbo-parser/tokenizer.c:1664
	src/third-party/gumbo-parser/tokenizer.c:1677
	src/third-party/gumbo-parser/tokenizer.c:1717
	src/third-party/gumbo-parser/tokenizer.c:1737
	src/third-party/gumbo-parser/tokenizer.c:1746
	src/third-party/gumbo-parser/tokenizer.c:1752
	src/third-party/gumbo-parser/tokenizer.c:1766
	src/third-party/gumbo-parser/tokenizer.c:1781
	src/third-party/gumbo-parser/tokenizer.c:1791
	src/third-party/gumbo-parser/tokenizer.c:1809
	src/third-party/gumbo-parser/tokenizer.c:1819
	src/third-party/gumbo-parser/tokenizer.c:1841
	src/third-party/gumbo-parser/tokenizer.c:1849
	src/third-party/gumbo-parser/tokenizer.c:1854
	src/third-party/gumbo-parser/tokenizer.c:1865
	src/third-party/gumbo-parser/tokenizer.c:1885
	src/third-party/gumbo-parser/tokenizer.c:1898
	src/third-party/gumbo-parser/tokenizer.c:1900
	src/third-party/gumbo-parser/tokenizer.c:1933
	src/third-party/gumbo-parser/tokenizer.c:1938
	src/third-party/gumbo-parser/tokenizer.c:1949
	src/third-party/gumbo-parser/tokenizer.c:1959
	src/third-party/gumbo-parser/tokenizer.c:1983
	src/third-party/gumbo-parser/tokenizer.c:1985
	src/third-party/gumbo-parser/tokenizer.c:1989
	src/third-party/gumbo-parser/tokenizer.c:2001
	src/third-party/gumbo-parser/tokenizer.c:2003
	src/third-party/gumbo-parser/tokenizer.c:2004
	src/third-party/gumbo-parser/tokenizer.c:2008
	src/third-party/gumbo-parser/tokenizer.c:2211
	src/third-party/gumbo-parser/tokenizer.c:2217
	src/third-party/gumbo-parser/tokenizer.c:2218
	src/third-party/gumbo-parser/tokenizer.c:2235
	src/third-party/gumbo-parser/tokenizer.c:2241
	src/third-party/gumbo-parser/tokenizer.c:2247
	src/third-party/gumbo-parser/tokenizer.c:2283
	src/third-party/gumbo-parser/tokenizer.c:2312
	src/third-party/gumbo-parser/tokenizer.c:2320
	src/third-party/gumbo-parser/tokenizer.c:2325
	src/third-party/gumbo-parser/tokenizer.c:2330
	src/third-party/gumbo-parser/tokenizer.c:2362
	src/third-party/gumbo-parser/tokenizer.c:2368
	src/third-party/gumbo-parser/tokenizer.c:2374
	src/third-party/gumbo-parser/tokenizer.c:2402
	src/third-party/gumbo-parser/tokenizer.c:2408
	src/third-party/gumbo-parser/tokenizer.c:2414
	src/third-party/gumbo-parser/tokenizer.c:2436
	src/third-party/gumbo-parser/tokenizer.c:2443
	src/third-party/gumbo-parser/tokenizer.c:2469
	src/third-party/gumbo-parser/tokenizer.c:2476
	src/third-party/gumbo-parser/tokenizer.c:2516
	src/third-party/gumbo-parser/tokenizer.c:2517
	src/third-party/gumbo-parser/tokenizer.c:2523
	src/third-party/gumbo-parser/tokenizer.c:2555
	src/third-party/gumbo-parser/tokenizer.c:2561
	src/third-party/gumbo-parser/tokenizer.c:2593
	src/third-party/gumbo-parser/tokenizer.c:2599
	src/third-party/gumbo-parser/tokenizer.c:2605
	src/third-party/gumbo-parser/tokenizer.c:2632
	src/third-party/gumbo-parser/tokenizer.c:2638
	src/third-party/gumbo-parser/tokenizer.c:2644
	src/third-party/gumbo-parser/tokenizer.c:2665
	src/third-party/gumbo-parser/tokenizer.c:2672
	src/third-party/gumbo-parser/tokenizer.c:2698
	src/third-party/gumbo-parser/tokenizer.c:2705
	src/third-party/gumbo-parser/tokenizer.c:2731
	src/third-party/gumbo-parser/tokenizer.c:2756
	src/third-party/gumbo-parser/tokenizer.c:2757
	src/third-party/gumbo-parser/tokenizer.c:2830
	src/third-party/gumbo-parser/tokenizer.c:2837
	src/third-party/gumbo-parser/tokenizer.c:2841
	src/third-party/gumbo-parser/tokenizer.c:2858
	src/third-party/gumbo-parser/utf8.h:78
	src/third-party/gumbo-parser/utf8.h:107
autoscan: warning: missing AC_C_INLINE wanted by: 
	src/third-party/gumbo-parser/utf8.c:88
autoscan: warning: missing AC_FUNC_MALLOC wanted by: 
	src/third-party/gumbo-parser/parser.c:58
autoscan: warning: missing AC_TYPE_SIZE_T wanted by: 
	src/third-party/gumbo-parser/string_buffer.h:41
	src/third-party/gumbo-parser/string_buffer.h:44
	src/third-party/gumbo-parser/string_buffer.h:55
	src/third-party/gumbo-parser/util.c:34
	src/third-party/gumbo-parser/vector.h:32
	src/third-party/gumbo-parser/gumbo.h:93
	src/third-party/gumbo-parser/gumbo.h:525
	src/third-party/gumbo-parser/gumbo.h:549
	src/third-party/gumbo-parser/gumbo.h:662
	src/third-party/gumbo-parser/parser.c:58
	src/third-party/gumbo-parser/parser.c:1676
	src/third-party/gumbo-parser/parser.c:1692
	src/third-party/gumbo-parser/parser.c:1712
	src/third-party/gumbo-parser/parser.c:4076
	src/third-party/gumbo-parser/util.h:46
	src/third-party/gumbo-parser/string_buffer.c:31
	src/third-party/gumbo-parser/string_buffer.c:34
	src/third-party/gumbo-parser/string_buffer.c:35
	src/third-party/gumbo-parser/string_buffer.c:36
	src/third-party/gumbo-parser/string_buffer.c:57
	src/third-party/gumbo-parser/tokenizer.h:75
	src/third-party/gumbo-parser/utf8.c:205
	src/third-party/gumbo-parser/utf8.c:239
	src/third-party/gumbo-parser/vector.c:31
	src/third-party/gumbo-parser/vector.c:53
	src/third-party/gumbo-parser/vector.c:55
	src/third-party/gumbo-parser/tokenizer.c:846
	src/third-party/gumbo-parser/utf8.h:85
	src/third-party/gumbo-parser/utf8.h:113
autoscan: warning: missing AC_TYPE_UINT32_T wanted by: 
	src/third-party/gumbo-parser/utf8.c:88
	src/third-party/gumbo-parser/utf8.c:88
	src/third-party/gumbo-parser/utf8.c:88
	src/third-party/gumbo-parser/utf8.c:88
	src/third-party/gumbo-parser/utf8.c:89
	src/third-party/gumbo-parser/utf8.c:135
	src/third-party/gumbo-parser/utf8.c:136
	src/third-party/gumbo-parser/utf8.c:138
autoscan: warning: missing AC_TYPE_UINT64_T wanted by: 
	src/third-party/gumbo-parser/utf8.c:116
	src/third-party/gumbo-parser/error.h:166
autoscan: warning: missing AC_TYPE_UINT8_T wanted by: 
	src/third-party/gumbo-parser/utf8.c:63
